Done. Made 58 targets from 54 files in 830ms
ninja: Entering directory `/home/asus/Documents/Code/bearpi-hm_nano/out/BearPi-HM_Nano'
[1/201] cross compiler obj/applications/BearPi/BearPi-HM_Nano/sample/Z2_hi3861_flash_ylc/flash_example.o
[2/201] cross compiler obj/base/iot_hardware/frameworks/wifiiot_lite/src/wifiiot_flash.o
[3/201] cross compiler obj/base/hiviewdfx/frameworks/hilog_lite/mini/hiview_log_limit.o
[4/201] cross compiler obj/applications/BearPi/BearPi-HM_Nano/sample/Hx711/hx711_run.o
[5/201] AR libs/libflash_example.a
[6/201] cross compiler obj/base/iot_hardware/frameworks/wifiiot_lite/src/wifiiot_adc.o
[7/201] cross compiler obj/base/iot_hardware/frameworks/wifiiot_lite/src/reset.o
[8/201] cross compiler obj/applications/BearPi/BearPi-HM_Nano/sample/Hx711/src/hx711.o
[9/201] cross compiler obj/base/iot_hardware/frameworks/wifiiot_lite/src/wifiiot_kal.o
[10/201] cross compiler obj/base/iot_hardware/frameworks/wifiiot_lite/src/wifiiot_partition.o
[11/201] cross compiler obj/base/hiviewdfx/services/hiview_lite/hiview_service.o
[12/201] AR libs/libhx711.a
[13/201] cross compiler obj/base/hiviewdfx/utils/lite/hiview_config.o
[14/201] AR libs/libhiview_lite.a
[15/201] cross compiler obj/base/iot_hardware/frameworks/wifiiot_lite/src/wifiiot_watchdog.o
[16/201] STAMP obj/applications/BearPi/BearPi-HM_Nano/sample/app.stamp
[17/201] cross compiler obj/base/hiviewdfx/frameworks/hilog_lite/mini/hiview_log.o
[18/201] cross compiler obj/base/iot_hardware/frameworks/wifiiot_lite/src/lowpower.o
[19/201] cross compiler obj/base/iot_hardware/frameworks/wifiiot_lite/src/wifiiot_i2c.o
[20/201] cross compiler obj/base/iot_hardware/frameworks/wifiiot_lite/src/wifiiot_i2s.o
[21/201] cross compiler obj/base/hiviewdfx/utils/lite/hiview_cache.o
[22/201] cross compiler obj/base/iot_hardware/frameworks/wifiiot_lite/src/wifiiot_at.o
[23/201] cross compiler obj/base/iot_hardware/frameworks/wifiiot_lite/src/wifiiot_gpio.o
[24/201] cross compiler obj/base/iot_hardware/frameworks/wifiiot_lite/src/wifiiot_pwm.o
[25/201] cross compiler obj/base/security/frameworks/hichainsdk_lite/source/auth_info/add_auth_info_client.o
[26/201] cross compiler obj/base/hiviewdfx/utils/lite/hiview_file.o
[27/201] cross compiler obj/base/hiviewdfx/utils/lite/hiview_util.o
[28/201] AR libs/libcommon_lite.a
[29/201] cross compiler obj/base/iot_hardware/frameworks/wifiiot_lite/src/wifiiot_uart.o
[30/201] cross compiler obj/base/iot_hardware/frameworks/wifiiot_lite/src/wifiiot_spi.o
[31/201] cross compiler obj/base/iot_hardware/frameworks/wifiiot_lite/src/wifiiot_sdio.o
[32/201] AR libs/libiothardware.a
[33/201] STAMP obj/base/iot_hardware/frameworks/wifiiot_lite/src/iothardware_ndk.stamp
[34/201] cross compiler obj/base/security/frameworks/hichainsdk_lite/source/auth_info/remove_auth_info_client.o
[35/201] cross compiler obj/base/hiviewdfx/frameworks/hilog_lite/mini/hiview_output_log.o
[36/201] cross compiler obj/base/security/frameworks/hichainsdk_lite/source/auth_info/add_auth_info.o
[37/201] cross compiler obj/base/security/frameworks/hichainsdk_lite/source/key_agreement/key_agreement_client.o
[38/201] cross compiler obj/base/security/frameworks/hichainsdk_lite/source/key_agreement/sec_clone_server.o
[39/201] AR libs/libhilog_lite.a
[40/201] cross compiler obj/base/security/frameworks/hichainsdk_lite/source/auth_info/auth_info.o
[41/201] cross compiler obj/base/security/frameworks/hichainsdk_lite/source/json/jsonutil.o
[42/201] cross compiler obj/base/security/frameworks/hichainsdk_lite/source/key_agreement/sts_client.o
[43/201] STAMP obj/base/hiviewdfx/frameworks/hilog_lite/mini/hilog_lite_ndk.stamp
[44/201] cross compiler obj/base/security/frameworks/hichainsdk_lite/source/auth_info/exchange_auth_info_client.o
[45/201] cross compiler obj/base/security/frameworks/hichainsdk_lite/source/key_agreement/key_agreement.o
[46/201] cross compiler obj/base/security/frameworks/hichainsdk_lite/source/key_agreement/key_agreement_server.o
[47/201] cross compiler obj/base/security/frameworks/hichainsdk_lite/source/struct/add_auth_info_data.o
[48/201] cross compiler obj/base/security/frameworks/hichainsdk_lite/source/log/log.o
[49/201] cross compiler obj/base/security/frameworks/hichainsdk_lite/source/struct/add_auth_info_request.o
[50/201] cross compiler obj/base/security/frameworks/hichainsdk_lite/source/json/commonutil.o
[51/201] cross compiler obj/base/security/frameworks/hichainsdk_lite/source/struct/auth_ack_request.o
[52/201] cross compiler obj/base/security/frameworks/hichainsdk_lite/source/auth_info/exchange_auth_info.o
[53/201] cross compiler obj/base/security/frameworks/hichainsdk_lite/source/struct/add_auth_info_response.o
[54/201] cross compiler obj/base/security/frameworks/hichainsdk_lite/source/struct/exchange_auth_data.o
[55/201] cross compiler obj/base/security/frameworks/hichainsdk_lite/source/struct/auth_start_request.o
[56/201] cross compiler obj/base/security/frameworks/hichainsdk_lite/source/key_agreement/pake_client.o
[57/201] cross compiler obj/base/security/frameworks/hichainsdk_lite/source/struct/exchange_response.o
[58/201] cross compiler obj/base/security/frameworks/hichainsdk_lite/source/key_agreement/pake_server.o
[59/201] cross compiler obj/base/security/frameworks/hichainsdk_lite/source/struct/auth_ack_response.o
[60/201] cross compiler obj/base/security/frameworks/hichainsdk_lite/source/struct/inform_message.o
[61/201] cross compiler obj/base/security/frameworks/hichainsdk_lite/source/struct/import_add_auth_data.o
[62/201] cross compiler obj/base/security/frameworks/hichainsdk_lite/source/key_agreement/sts_server.o
[63/201] cross compiler obj/base/security/frameworks/hichainsdk_lite/source/struct/exchange_request.o
[64/201] STAMP obj/base/startup/frameworks/syspara_lite/token/token_notes.stamp
[65/201] cross compiler obj/base/security/frameworks/hichainsdk_lite/source/struct/pake_server_confirm.o
[66/201] cross compiler obj/base/security/frameworks/hichainsdk_lite/source/struct/pake_response.o
[67/201] cross compiler obj/base/security/frameworks/hichainsdk_lite/source/struct/pake_request.o
[68/201] cross compiler obj/base/security/frameworks/hichainsdk_lite/source/struct/key_agreement_version.o
[69/201] cross compiler obj/base/security/frameworks/hichainsdk_lite/source/struct/rmv_auth_info_data.o
[70/201] STAMP obj/build/lite/ndk.stamp
[71/201] cross compiler obj/base/security/frameworks/hichainsdk_lite/source/struct/auth_start_response.o
[72/201] cross compiler obj/base/security/frameworks/hichainsdk_lite/source/struct/rmv_auth_info_request.o
[73/201] cross compiler obj/base/security/frameworks/hichainsdk_lite/source/struct/rmv_auth_info_response.o
[74/201] cross compiler obj/base/security/frameworks/hichainsdk_lite/source/schedule/distribution.o
[75/201] cross compiler obj/base/security/frameworks/hichainsdk_lite/source/struct/parsedata.o
[76/201] cross compiler obj/base/startup/services/bootstrap_lite/source/bootstrap_service.o
[77/201] cross compiler obj/base/startup/services/bootstrap_lite/source/system_init.o
[78/201] cross compiler obj/base/startup/frameworks/syspara_lite/token/src/token_impl_hal/token.o
[79/201] cross compiler obj/base/security/frameworks/hichainsdk_lite/source/struct/pake_client_confirm.o
[80/201] cross compiler obj/base/security/frameworks/hichainsdk_lite/source/schedule/build_object.o
[81/201] AR libs/libbootstrap.a
[82/201] cross compiler obj/base/startup/frameworks/syspara_lite/parameter/src/param_impl_hal/param_impl_hal.o
[83/201] cross compiler obj/base/security/frameworks/hichainsdk_lite/source/struct/sec_clone_data.o
[84/201] cross compiler obj/base/security/frameworks/hichainsdk_lite/source/hichain.o
[85/201] cross compiler obj/foundation/communication/services/softbus_lite/authmanager/source/msg_get_deviceid.o
[86/201] cross compiler obj/foundation/communication/services/softbus_lite/authmanager/source/bus_manager.o
[87/201] cross compiler obj/foundation/communication/services/softbus_lite/authmanager/source/auth_conn.o
[88/201] cross compiler obj/foundation/communication/services/softbus_lite/discovery/coap/source/nstackx_common.o
[89/201] cross compiler obj/foundation/communication/services/softbus_lite/trans_service/source/libdistbus/trans_lock.o
[90/201] cross compiler obj/base/startup/frameworks/syspara_lite/parameter/src/parameter_common.o
[91/201] cross compiler obj/foundation/communication/services/softbus_lite/trans_service/source/libdistbus/tcp_session.o
[92/201] cross compiler obj/foundation/communication/services/softbus_lite/os_adapter/source/L0/os_adapter.o
[93/201] cross compiler obj/foundation/communication/services/softbus_lite/discovery/coap/source/json_payload.o
[94/201] cross compiler obj/foundation/communication/services/softbus_lite/discovery/coap/source/coap_socket.o
[95/201] cross compiler obj/foundation/communication/services/softbus_lite/authmanager/source/auth_interface.o
[96/201] cross compiler obj/foundation/communication/services/softbus_lite/discovery/discovery_service/source/coap_service.o
[97/201] cross compiler obj/foundation/communication/services/softbus_lite/trans_service/source/utils/message.o
[98/201] cross compiler obj/foundation/distributedschedule/services/samgr_lite/communication/broadcast/source/pub_sub_feature.o
[99/201] cross compiler obj/foundation/communication/services/softbus_lite/discovery/coap/source/nstackx_device.o
[100/201] cross compiler obj/foundation/distributedschedule/services/samgr_lite/samgr/registry/service_registry.o
[101/201] cross compiler obj/foundation/distributedschedule/services/samgr_lite/samgr/adapter/cmsis/memory_adapter.o
[102/201] cross compiler obj/foundation/distributedschedule/services/samgr_lite/communication/broadcast/source/pub_sub_implement.o
[103/201] cross compiler obj/foundation/communication/services/softbus_lite/authmanager/source/wifi_auth_manager.o
[104/201] cross compiler obj/foundation/distributedschedule/services/samgr_lite/communication/broadcast/source/broadcast_service.o
[105/201] cross compiler obj/base/security/frameworks/hichainsdk_lite/source/huks_adapter/huks_adapter.o
[106/201] cross compiler obj/foundation/distributedschedule/services/samgr_lite/samgr/adapter/cmsis/thread_adapter.o
[107/201] AR libs/libbroadcast.a
[108/201] cross compiler obj/foundation/communication/services/softbus_lite/trans_service/source/utils/aes_gcm.o
[109/201] cross compiler obj/foundation/communication/services/softbus_lite/discovery/coap/source/coap_discover.o
[110/201] AR libs/libhichainsdk.a
[111/201] cross compiler obj/foundation/distributedschedule/services/samgr_lite/samgr/adapter/cmsis/queue_adapter.o
[112/201] STAMP obj/base/security/frameworks/hichainsdk_lite/hichainsdk.stamp
[113/201] STAMP obj/test/xts/acts/acts_compoment.stamp
[114/201] cross compiler obj/foundation/distributedschedule/services/samgr_lite/samgr/source/iunknown.o
[115/201] STAMP obj/test/xts/tools/tools.stamp
[116/201] cross compiler obj/foundation/distributedschedule/services/samgr_lite/samgr/adapter/cmsis/time_adapter.o
[117/201] cross compiler obj/foundation/communication/services/softbus_lite/discovery/coap/source/coap_adapter.o
[118/201] STAMP obj/third_party/cJSON/cjson_shared.stamp
[119/201] cross compiler obj/foundation/communication/services/softbus_lite/discovery/discovery_service/source/discovery_service.o
[120/201] cross compiler obj/foundation/communication/services/softbus_lite/trans_service/source/libdistbus/auth_conn_manager.o
[121/201] AR libs/libsamgr_adapter.a
[122/201] AR libs/libauthmanager.a
[123/201] cross compiler obj/foundation/communication/services/softbus_lite/trans_service/source/utils/tcp_socket.o
[124/201] cross compiler obj/foundation/communication/services/softbus_lite/discovery/discovery_service/source/common_info_manager.o
[125/201] cross compiler obj/foundation/distributedschedule/services/samgr_lite/samgr/source/feature.o
[126/201] AR libs/libdiscovery.a
[127/201] STAMP obj/foundation/communication/services/softbus_lite/discovery_ndk.stamp
[128/201] cross compiler obj/utils/native/lite/file/src/file_impl_hal/file.o
[129/201] cross compiler obj/foundation/distributedschedule/services/samgr_lite/samgr/source/message.o
[130/201] cross compiler obj/foundation/distributedschedule/services/samgr_lite/samgr/source/service.o
[131/201] cross compiler obj/kernel/liteos_m/components/kal/src/kal.o
[132/201] cross compiler obj/foundation/distributedschedule/services/samgr_lite/samgr/source/samgr_lite.o
[133/201] cross compiler obj/vendor/hisi/hi3861/hi3861_adapter/hals/iot_hardware/wifiiot_lite/hal_wifiiot_watchdog.o
[134/201] AR libs/libkal.a
[135/201] cross compiler obj/foundation/distributedschedule/services/samgr_lite/samgr/source/common.o
[136/201] cross compiler obj/vendor/hisi/hi3861/hi3861_adapter/hals/iot_hardware/wifiiot_lite/hal_wifiiot_partition.o
[137/201] cross compiler obj/vendor/hisi/hi3861/hi3861_adapter/hals/iot_hardware/wifiiot_lite/hal_wifiiot_uart.o
[138/201] cross compiler obj/vendor/hisi/hi3861/hi3861_adapter/hals/iot_hardware/wifiiot_lite/hal_wifiiot_at.o
[139/201] cross compiler obj/foundation/distributedschedule/services/samgr_lite/samgr/source/task_manager.o
[140/201] cross compiler obj/vendor/hisi/hi3861/hi3861_adapter/hals/iot_hardware/wifiiot_lite/hal_wifiiot_kal.o
[141/201] AR libs/libsamgr_source.a
[142/201] cross compiler obj/utils/native/lite/kv_store/src/kvstore_common/kvstore_common.o
[143/201] AR libs/libsamgr.a
[144/201] cross compiler obj/utils/native/lite/kv_store/src/kvstore_impl_hal/kv_store.o
[145/201] cross compiler obj/vendor/hisi/hi3861/hi3861_adapter/hals/iot_hardware/wifiiot_lite/hal_wifiiot_pwm.o
[146/201] cross compiler obj/vendor/hisi/hi3861/hi3861_adapter/hals/iot_hardware/wifiiot_lite/hal_wifiiot_i2s.o
[147/201] cross compiler obj/vendor/hisi/hi3861/hi3861_adapter/hals/iot_hardware/wifiiot_lite/hal_wifiiot_i2c.o
[148/201] cross compiler obj/vendor/hisi/hi3861/hi3861_adapter/hals/iot_hardware/wifiiot_lite/hal_wifiiot_adc.o
[149/201] STAMP obj/foundation/distributedschedule/services/samgr_lite/samgr.stamp
[150/201] STAMP obj/foundation/distributedschedule/services/samgr_lite/samgr_lite_ndk.stamp
[151/201] cross compiler obj/vendor/hisi/hi3861/hi3861_adapter/hals/iot_hardware/wifiiot_lite/hal_wifiiot_spi.o
[152/201] AR libs/libutils_kv_store.a
[153/201] cross compiler obj/vendor/hisi/hi3861/hi3861_adapter/hals/communication/wifi_lite/wifiservice/source/wifi_device_util.o
[154/201] cross compiler obj/vendor/hisi/hi3861/hi3861_adapter/hals/iot_hardware/wifiiot_lite/hal_wifiiot_sdio.o
[155/201] cross compiler obj/foundation/communication/services/softbus_lite/trans_service/source/libdistbus/tcp_session_manager.o
[156/201] STAMP obj/utils/native/lite/kv_store/kv_store.stamp
[157/201] AR libs/libtrans_service.a
[158/201] cross compiler obj/vendor/hisi/hi3861/hi3861_adapter/hals/communication/wifi_lite/wifiservice/source/wifi_hotspot.o
[159/201] STAMP obj/foundation/communication/services/softbus_lite/trans_service_ndk.stamp
[160/201] cross compiler obj/vendor/hisi/hi3861/hi3861_adapter/hals/iot_hardware/wifiiot_lite/hal_reset.o
[161/201] STAMP obj/foundation/communication/services/softbus_lite/softbus_lite_ndk.stamp
[162/201] STAMP obj/foundation/communication/services/softbus_lite/softbus.stamp
[163/201] cross compiler obj/vendor/hisi/hi3861/hi3861_adapter/hals/iot_hardware/wifiiot_lite/hal_lowpower.o
[164/201] cross compiler obj/vendor/hisi/hi3861/hi3861_adapter/hals/iot_hardware/wifiiot_lite/hal_wifiiot_flash.o
[165/201] cross compiler obj/vendor/huawei/wifi-iot/hals/utils/token/hal_token.o
[166/201] AR libs/libhal_token_static.a
[167/201] cross compiler obj/vendor/hisi/hi3861/hi3861_adapter/hals/utils/file/src/hal_file.o
[168/201] cross compiler obj/vendor/hisi/hi3861/hi3861_adapter/hals/iot_hardware/wifiiot_lite/hal_wifiiot_gpio.o
[169/201] AR libs/libhal_file_static.a
[170/201] AR libs/libtoken_static.a
[171/201] AR libs/libhal_iothardware.a
[172/201] AR libs/libnative_file.a
[173/201] STAMP obj/base/startup/frameworks/syspara_lite/token/token.stamp
[174/201] STAMP obj/base/iot_hardware/frameworks/wifiiot_lite/iothardware.stamp
[175/201] STAMP obj/utils/native/lite/file/file.stamp
[176/201] cross compiler obj/vendor/hisi/hi3861/hi3861_adapter/hals/communication/wifi_lite/wifiservice/source/wifi_device.o
[177/201] AR libs/libwifiservice.a
[178/201] STAMP obj/foundation/communication/frameworks/wifi_lite/wifi.stamp
[179/201] STAMP obj/vendor/hisi/hi3861/hi3861_adapter/hals/communication/wifi_lite/wifiservice/wifiservice_ndk.stamp
[180/201] cross compiler obj/vendor/huawei/wifi-iot/hals/utils/sys_param/hal_sys_param.o
[181/201] AR libs/libhal_sysparam.a
[182/201] AR libs/libsysparam.a
[183/201] STAMP obj/base/startup/frameworks/syspara_lite/parameter/parameter_notes.stamp
[184/201] STAMP obj/base/startup/frameworks/syspara_lite/parameter/parameter.stamp
[185/201] cross compiler obj/third_party/cJSON/cJSON_Utils.o
[186/201] cross compiler obj/kernel/liteos_m/components/cmsis/cmsis_liteos.o
[187/201] AR libs/libcmsis.a
[188/201] STAMP obj/vendor/hisi/hi3861/hi3861/sdk.stamp
[189/201] STAMP obj/vendor/hisi/hi3861/hi3861/wifiiot_sdk.stamp
[190/201] cross compiler obj/third_party/cJSON/cJSON.o
[191/201] AR libs/libcjson_static.a
[192/201] STAMP obj/third_party/cJSON/cjson_ndk.stamp
[193/201] ACTION //test/xdevice:xdevice(//build/lite/toolchain:linux_x86_64_riscv32_gcc)
running install
/usr/lib/python3.12/site-packages/setuptools/_distutils/cmd.py:66: SetuptoolsDeprecationWarning: setup.py install is deprecated.
!!

        ********************************************************************************
        Please avoid running ``setup.py`` directly.
        Instead, use pypa/build, pypa/installer, pypa/build or
        other standards-based tools.

        See https://blog.ganssle.io/articles/2021/10/setup-py-deprecated.html for details.
        ********************************************************************************

!!
  self.initialize_options()
/usr/lib/python3.12/site-packages/setuptools/_distutils/cmd.py:66: EasyInstallDeprecationWarning: easy_install command is deprecated.
!!

        ********************************************************************************
        Please avoid running ``setup.py`` and ``easy_install``.
        Instead, use pypa/build, pypa/installer, pypa/build or
        other standards-based tools.

        See https://github.com/pypa/setuptools/issues/917 for details.
        ********************************************************************************

!!
  self.initialize_options()
running bdist_egg
running egg_info
writing src/xdevice.egg-info/PKG-INFO
writing dependency_links to src/xdevice.egg-info/dependency_links.txt
writing entry points to src/xdevice.egg-info/entry_points.txt
writing top-level names to src/xdevice.egg-info/top_level.txt
reading manifest file 'src/xdevice.egg-info/SOURCES.txt'
adding license file 'LICENSE'
writing manifest file 'src/xdevice.egg-info/SOURCES.txt'
installing library code to build/bdist.linux-x86_64/egg
running install_lib
running build_py
creating build/bdist.linux-x86_64/egg
creating build/bdist.linux-x86_64/egg/xdevice
copying build/lib/xdevice/__main__.py -> build/bdist.linux-x86_64/egg/xdevice
copying build/lib/xdevice/__init__.py -> build/bdist.linux-x86_64/egg/xdevice
creating build/bdist.linux-x86_64/egg/xdevice/_core
copying build/lib/xdevice/_core/constants.py -> build/bdist.linux-x86_64/egg/xdevice/_core
copying build/lib/xdevice/_core/exception.py -> build/bdist.linux-x86_64/egg/xdevice/_core
creating build/bdist.linux-x86_64/egg/xdevice/_core/executor
copying build/lib/xdevice/_core/executor/scheduler.py -> build/bdist.linux-x86_64/egg/xdevice/_core/executor
copying build/lib/xdevice/_core/executor/source.py -> build/bdist.linux-x86_64/egg/xdevice/_core/executor
copying build/lib/xdevice/_core/executor/listener.py -> build/bdist.linux-x86_64/egg/xdevice/_core/executor
copying build/lib/xdevice/_core/executor/__init__.py -> build/bdist.linux-x86_64/egg/xdevice/_core/executor
copying build/lib/xdevice/_core/executor/request.py -> build/bdist.linux-x86_64/egg/xdevice/_core/executor
copying build/lib/xdevice/_core/executor/concurrent.py -> build/bdist.linux-x86_64/egg/xdevice/_core/executor
copying build/lib/xdevice/_core/logger.py -> build/bdist.linux-x86_64/egg/xdevice/_core
creating build/bdist.linux-x86_64/egg/xdevice/_core/build
copying build/lib/xdevice/_core/build/__init__.py -> build/bdist.linux-x86_64/egg/xdevice/_core/build
copying build/lib/xdevice/_core/__init__.py -> build/bdist.linux-x86_64/egg/xdevice/_core
copying build/lib/xdevice/_core/utils.py -> build/bdist.linux-x86_64/egg/xdevice/_core
creating build/bdist.linux-x86_64/egg/xdevice/_core/environment
copying build/lib/xdevice/_core/environment/device_lite.py -> build/bdist.linux-x86_64/egg/xdevice/_core/environment
copying build/lib/xdevice/_core/environment/dmlib_lite.py -> build/bdist.linux-x86_64/egg/xdevice/_core/environment
copying build/lib/xdevice/_core/environment/manager_env.py -> build/bdist.linux-x86_64/egg/xdevice/_core/environment
copying build/lib/xdevice/_core/environment/__init__.py -> build/bdist.linux-x86_64/egg/xdevice/_core/environment
copying build/lib/xdevice/_core/environment/manager_lite.py -> build/bdist.linux-x86_64/egg/xdevice/_core/environment
creating build/bdist.linux-x86_64/egg/xdevice/_core/report
copying build/lib/xdevice/_core/report/reporter_helper.py -> build/bdist.linux-x86_64/egg/xdevice/_core/report
copying build/lib/xdevice/_core/report/__main__.py -> build/bdist.linux-x86_64/egg/xdevice/_core/report
copying build/lib/xdevice/_core/report/encrypt.py -> build/bdist.linux-x86_64/egg/xdevice/_core/report
copying build/lib/xdevice/_core/report/suite_reporter.py -> build/bdist.linux-x86_64/egg/xdevice/_core/report
copying build/lib/xdevice/_core/report/__init__.py -> build/bdist.linux-x86_64/egg/xdevice/_core/report
copying build/lib/xdevice/_core/report/result_reporter.py -> build/bdist.linux-x86_64/egg/xdevice/_core/report
copying build/lib/xdevice/_core/interface.py -> build/bdist.linux-x86_64/egg/xdevice/_core
creating build/bdist.linux-x86_64/egg/xdevice/_core/resource
creating build/bdist.linux-x86_64/egg/xdevice/_core/resource/config
copying build/lib/xdevice/_core/resource/config/user_config.xml -> build/bdist.linux-x86_64/egg/xdevice/_core/resource/config
creating build/bdist.linux-x86_64/egg/xdevice/_core/resource/template
copying build/lib/xdevice/_core/resource/template/report.html -> build/bdist.linux-x86_64/egg/xdevice/_core/resource/template
creating build/bdist.linux-x86_64/egg/xdevice/_core/driver
copying build/lib/xdevice/_core/driver/device_test.py -> build/bdist.linux-x86_64/egg/xdevice/_core/driver
copying build/lib/xdevice/_core/driver/parser_lite.py -> build/bdist.linux-x86_64/egg/xdevice/_core/driver
copying build/lib/xdevice/_core/driver/drivers_lite.py -> build/bdist.linux-x86_64/egg/xdevice/_core/driver
copying build/lib/xdevice/_core/driver/__init__.py -> build/bdist.linux-x86_64/egg/xdevice/_core/driver
creating build/bdist.linux-x86_64/egg/xdevice/_core/testkit
copying build/lib/xdevice/_core/testkit/json_parser.py -> build/bdist.linux-x86_64/egg/xdevice/_core/testkit
copying build/lib/xdevice/_core/testkit/kit_lite.py -> build/bdist.linux-x86_64/egg/xdevice/_core/testkit
copying build/lib/xdevice/_core/testkit/uikit_lite.py -> build/bdist.linux-x86_64/egg/xdevice/_core/testkit
copying build/lib/xdevice/_core/testkit/__init__.py -> build/bdist.linux-x86_64/egg/xdevice/_core/testkit
creating build/bdist.linux-x86_64/egg/xdevice/_core/config
copying build/lib/xdevice/_core/config/config_manager.py -> build/bdist.linux-x86_64/egg/xdevice/_core/config
copying build/lib/xdevice/_core/config/resource_manager.py -> build/bdist.linux-x86_64/egg/xdevice/_core/config
copying build/lib/xdevice/_core/config/__init__.py -> build/bdist.linux-x86_64/egg/xdevice/_core/config
copying build/lib/xdevice/_core/common.py -> build/bdist.linux-x86_64/egg/xdevice/_core
copying build/lib/xdevice/_core/plugin.py -> build/bdist.linux-x86_64/egg/xdevice/_core
creating build/bdist.linux-x86_64/egg/xdevice/_core/command
copying build/lib/xdevice/_core/command/__init__.py -> build/bdist.linux-x86_64/egg/xdevice/_core/command
copying build/lib/xdevice/_core/command/console.py -> build/bdist.linux-x86_64/egg/xdevice/_core/command
copying build/lib/xdevice/variables.py -> build/bdist.linux-x86_64/egg/xdevice
byte-compiling build/bdist.linux-x86_64/egg/xdevice/__main__.py to __main__.cpython-312.pyc
byte-compiling build/bdist.linux-x86_64/egg/xdevice/__init__.py to __init__.cpython-312.pyc
byte-compiling build/bdist.linux-x86_64/egg/xdevice/_core/constants.py to constants.cpython-312.pyc
byte-compiling build/bdist.linux-x86_64/egg/xdevice/_core/exception.py to exception.cpython-312.pyc
byte-compiling build/bdist.linux-x86_64/egg/xdevice/_core/executor/scheduler.py to scheduler.cpython-312.pyc
byte-compiling build/bdist.linux-x86_64/egg/xdevice/_core/executor/source.py to source.cpython-312.pyc
byte-compiling build/bdist.linux-x86_64/egg/xdevice/_core/executor/listener.py to listener.cpython-312.pyc
byte-compiling build/bdist.linux-x86_64/egg/xdevice/_core/executor/__init__.py to __init__.cpython-312.pyc
byte-compiling build/bdist.linux-x86_64/egg/xdevice/_core/executor/request.py to request.cpython-312.pyc
byte-compiling build/bdist.linux-x86_64/egg/xdevice/_core/executor/concurrent.py to concurrent.cpython-312.pyc
byte-compiling build/bdist.linux-x86_64/egg/xdevice/_core/logger.py to logger.cpython-312.pyc
byte-compiling build/bdist.linux-x86_64/egg/xdevice/_core/build/__init__.py to __init__.cpython-312.pyc
byte-compiling build/bdist.linux-x86_64/egg/xdevice/_core/__init__.py to __init__.cpython-312.pyc
byte-compiling build/bdist.linux-x86_64/egg/xdevice/_core/utils.py to utils.cpython-312.pyc
byte-compiling build/bdist.linux-x86_64/egg/xdevice/_core/environment/device_lite.py to device_lite.cpython-312.pyc
byte-compiling build/bdist.linux-x86_64/egg/xdevice/_core/environment/dmlib_lite.py to dmlib_lite.cpython-312.pyc
byte-compiling build/bdist.linux-x86_64/egg/xdevice/_core/environment/manager_env.py to manager_env.cpython-312.pyc
byte-compiling build/bdist.linux-x86_64/egg/xdevice/_core/environment/__init__.py to __init__.cpython-312.pyc
byte-compiling build/bdist.linux-x86_64/egg/xdevice/_core/environment/manager_lite.py to manager_lite.cpython-312.pyc
byte-compiling build/bdist.linux-x86_64/egg/xdevice/_core/report/reporter_helper.py to reporter_helper.cpython-312.pyc
byte-compiling build/bdist.linux-x86_64/egg/xdevice/_core/report/__main__.py to __main__.cpython-312.pyc
byte-compiling build/bdist.linux-x86_64/egg/xdevice/_core/report/encrypt.py to encrypt.cpython-312.pyc
byte-compiling build/bdist.linux-x86_64/egg/xdevice/_core/report/suite_reporter.py to suite_reporter.cpython-312.pyc
byte-compiling build/bdist.linux-x86_64/egg/xdevice/_core/report/__init__.py to __init__.cpython-312.pyc
byte-compiling build/bdist.linux-x86_64/egg/xdevice/_core/report/result_reporter.py to result_reporter.cpython-312.pyc
byte-compiling build/bdist.linux-x86_64/egg/xdevice/_core/interface.py to interface.cpython-312.pyc
byte-compiling build/bdist.linux-x86_64/egg/xdevice/_core/driver/device_test.py to device_test.cpython-312.pyc
byte-compiling build/bdist.linux-x86_64/egg/xdevice/_core/driver/parser_lite.py to parser_lite.cpython-312.pyc
byte-compiling build/bdist.linux-x86_64/egg/xdevice/_core/driver/drivers_lite.py to drivers_lite.cpython-312.pyc
byte-compiling build/bdist.linux-x86_64/egg/xdevice/_core/driver/__init__.py to __init__.cpython-312.pyc
byte-compiling build/bdist.linux-x86_64/egg/xdevice/_core/testkit/json_parser.py to json_parser.cpython-312.pyc
byte-compiling build/bdist.linux-x86_64/egg/xdevice/_core/testkit/kit_lite.py to kit_lite.cpython-312.pyc
build/bdist.linux-x86_64/egg/xdevice/_core/testkit/kit_lite.py:384: SyntaxWarning: invalid escape sequence '\m'
  """
byte-compiling build/bdist.linux-x86_64/egg/xdevice/_core/testkit/uikit_lite.py to uikit_lite.cpython-312.pyc
byte-compiling build/bdist.linux-x86_64/egg/xdevice/_core/testkit/__init__.py to __init__.cpython-312.pyc
byte-compiling build/bdist.linux-x86_64/egg/xdevice/_core/config/config_manager.py to config_manager.cpython-312.pyc
byte-compiling build/bdist.linux-x86_64/egg/xdevice/_core/config/resource_manager.py to resource_manager.cpython-312.pyc
byte-compiling build/bdist.linux-x86_64/egg/xdevice/_core/config/__init__.py to __init__.cpython-312.pyc
byte-compiling build/bdist.linux-x86_64/egg/xdevice/_core/common.py to common.cpython-312.pyc
byte-compiling build/bdist.linux-x86_64/egg/xdevice/_core/plugin.py to plugin.cpython-312.pyc
byte-compiling build/bdist.linux-x86_64/egg/xdevice/_core/command/__init__.py to __init__.cpython-312.pyc
byte-compiling build/bdist.linux-x86_64/egg/xdevice/_core/command/console.py to console.cpython-312.pyc
byte-compiling build/bdist.linux-x86_64/egg/xdevice/variables.py to variables.cpython-312.pyc
creating build/bdist.linux-x86_64/egg/EGG-INFO
copying src/xdevice.egg-info/PKG-INFO -> build/bdist.linux-x86_64/egg/EGG-INFO
copying src/xdevice.egg-info/SOURCES.txt -> build/bdist.linux-x86_64/egg/EGG-INFO
copying src/xdevice.egg-info/dependency_links.txt -> build/bdist.linux-x86_64/egg/EGG-INFO
copying src/xdevice.egg-info/entry_points.txt -> build/bdist.linux-x86_64/egg/EGG-INFO
copying src/xdevice.egg-info/not-zip-safe -> build/bdist.linux-x86_64/egg/EGG-INFO
copying src/xdevice.egg-info/top_level.txt -> build/bdist.linux-x86_64/egg/EGG-INFO
creating 'dist/xdevice-0.0.0-py3.12.egg' and adding 'build/bdist.linux-x86_64/egg' to it
removing 'build/bdist.linux-x86_64/egg' (and everything under it)
Processing xdevice-0.0.0-py3.12.egg
removing '/home/asus/.local/lib/python3.12/site-packages/xdevice-0.0.0-py3.12.egg' (and everything under it)
creating /home/asus/.local/lib/python3.12/site-packages/xdevice-0.0.0-py3.12.egg
Extracting xdevice-0.0.0-py3.12.egg to /home/asus/.local/lib/python3.12/site-packages
/home/asus/.local/lib/python3.12/site-packages/xdevice-0.0.0-py3.12.egg/xdevice/_core/testkit/kit_lite.py:384: SyntaxWarning: invalid escape sequence '\m'
  """
xdevice 0.0.0 is already the active version in easy-install.pth
Installing xdevice script to /home/asus/.local/bin
Installing xdevice_report script to /home/asus/.local/bin

Installed /home/asus/.local/lib/python3.12/site-packages/xdevice-0.0.0-py3.12.egg
Processing dependencies for xdevice==0.0.0
Finished processing dependencies for xdevice==0.0.0
[194/201] STAMP obj/test/xdevice/xdevice.stamp
[195/201] ACTION //test/xts/acts:acts(//build/lite/toolchain:linux_x86_64_riscv32_gcc)
[196/201] STAMP obj/test/xts/acts/acts.stamp
[197/201] STAMP obj/build/lite/ohos.stamp
[198/201] ACTION //build/lite:gen_rootfs(//build/lite/toolchain:linux_x86_64_riscv32_gcc)
[199/201] STAMP obj/build/lite/gen_rootfs.stamp
[200/201] ACTION //vendor/hisi/hi3861/hi3861:run_wifiiot_scons(//build/lite/toolchain:linux_x86_64_riscv32_gcc)
FAILED: obj/vendor/hisi/hi3861/hi3861/run_wifiiot_scons_build_ext_components.txt 
python ../../build/lite/build_ext_components.py --path=../../vendor/hisi/hi3861/hi3861 --command=sh\ hm_build.sh
execute ota_builder with python...
riscv32-unknown-elf-gcc -Iplatform/os/Huawei_LiteOS/kernel/include -Iconfig -DCONFIG_TEE_HUKS_SUPPORT -DCONFIG_CHIP_PKT_32K -DHI_BOARD_ASIC -DHI_ON_FLASH -E build/link/system_config.ld.S -o build/build_tmp/scripts/system_config.ld -P
nvimg_builder(["build/build_tmp/scripts/system_config.ld"], ["build/link/system_config.ld.S"])
product_name_list: ['sta']
xml h file: /home/asus/Documents/Code/bearpi-hm_nano/vendor/hisi/hi3861/hi3861/tools/nvtool/h_file/nv
/home/asus/Documents/Code/bearpi-hm_nano/vendor/hisi/hi3861/hi3861/tools/nvtool/out_nv_bin/sta
app_subver_list: ['demo']
current subver_name:demo
root_dir: /home/asus/Documents/Code/bearpi-hm_nano/vendor/hisi/hi3861/hi3861/tools/nvtool
mdm_xml: /home/asus/Documents/Code/bearpi-hm_nano/vendor/hisi/hi3861/hi3861/tools/nvtool/xml_file/mss_nvi_db.xml
HNV NAME:mss_nvi_db.xml
nv_tool: /home/asus/Documents/Code/bearpi-hm_nano/vendor/hisi/hi3861/hi3861/tools/nvtool/tools/nv/cdbm
app_subver_temp_dir:/home/asus/Documents/Code/bearpi-hm_nano/vendor/hisi/hi3861/hi3861/tools/nvtool/out_nv_bin/sta/nv/Hi3861_wifiiot_app/outside_demo
make app_subver_temp_dir
mdmxml:/home/asus/Documents/Code/bearpi-hm_nano/vendor/hisi/hi3861/hi3861/tools/nvtool/xml_file/mss_nvi_db.xml
src_xml_list: ['/home/asus/Documents/Code/bearpi-hm_nano/vendor/hisi/hi3861/hi3861/tools/nvtool/xml_file/mss_nvi_db.xml']
combin_xml:/home/asus/Documents/Code/bearpi-hm_nano/vendor/hisi/hi3861/hi3861/tools/nvtool/out_nv_bin/sta/nv/Hi3861_wifiiot_app/mss_nvi_db.xml
root_list [<Element 'HISTUDIO' at 0x7f8e3cea4c70>]
hi_nv_modify_by_cfg
cfg_file: nv

cmd_line= ('/home/asus/Documents/Code/bearpi-hm_nano/vendor/hisi/hi3861/hi3861/tools/nvtool/tools/nv/cdbm', '/home/asus/Documents/Code/bearpi-hm_nano/vendor/hisi/hi3861/hi3861/tools/nvtool/out_nv_bin/sta/nv/Hi3861_wifiiot_app/outside_demo/nv.xml', '/home/asus/Documents/Code/bearpi-hm_nano/vendor/hisi/hi3861/hi3861/tools/nvtool/h_file/nv', '/home/asus/Documents/Code/bearpi-hm_nano/vendor/hisi/hi3861/hi3861/tools/nvtool/out_nv_bin/sta/nv/Hi3861_wifiiot_app/outside_demo/nv')
/home/asus/Documents/Code/bearpi-hm_nano/vendor/hisi/hi3861/hi3861/tools/nvtool/out_nv_bin/sta/nv/Hi3861_wifiiot_app/outside_demo/nv.xml
/home/asus/Documents/Code/bearpi-hm_nano/vendor/hisi/hi3861/hi3861/tools/nvtool/h_file/nv
/home/asus/Documents/Code/bearpi-hm_nano/vendor/hisi/hi3861/hi3861/tools/nvtool/out_nv_bin/sta/nv/Hi3861_wifiiot_app/outside_demo/nv
===========Init HDB Start===========
*********strDataTypeDefPath:/home/asus/Documents/Code/bearpi-hm_nano/vendor/hisi/hi3861/hi3861/tools/nvtool/h_file/nv/../nv/nv_modem_struct_def.txt
*********strDataTypeDefPath:/home/asus/Documents/Code/bearpi-hm_nano/vendor/hisi/hi3861/hi3861/tools/nvtool/h_file/nv/../nv/nv_modem_struct_def.txt
*********strDataTypeDefPath:/home/asus/Documents/Code/bearpi-hm_nano/vendor/hisi/hi3861/hi3861/tools/nvtool/h_file/nv/../nv/nv_factory_struct_def.txt
===========Init HDB finish===========
===========Write NV Buffer To File===========
===========Write NV Buffer Finish===========
RETURN VALUE:0
dst_hnv= /home/asus/Documents/Code/bearpi-hm_nano/vendor/hisi/hi3861/hi3861/tools/nvtool/out_nv_bin/sta/nv/hnv/Hi3861_wifiiot_app.hnv
Factory NV total num:10
NV_FILE_STRU :28
Factory NV total size:824
Normal NV total num:13
NV_FILE_STRU :28
Normal NV total size:766
build hnv OK:/home/asus/Documents/Code/bearpi-hm_nano/vendor/hisi/hi3861/hi3861/tools/nvtool/out_nv_bin/sta/nv/hnv/Hi3861_wifiiot_app.hnv
ENDING
riscv32-unknown-elf-gcc -Iplatform/os/Huawei_LiteOS/kernel/include -Iconfig -DCONFIG_TEE_HUKS_SUPPORT -DCONFIG_CHIP_PKT_32K -DHI_BOARD_ASIC -DHI_ON_FLASH -DFLASH_FIRM_START=4248512 -E build/link/link.ld.S -o build/build_tmp/scripts/link.lds -P
riscv32-unknown-elf-ld -nostartfiles -nostdlib -static --gc-sections -L/home/asus/Documents/Code/bearpi-hm_nano/vendor/hisi/hi3861/hi3861/build/scripts/../../../../../huawei/hms/hilink/ohos/l0/hi3861/lib/wifi -L/opt/gcc_riscv32/bin/../lib/gcc/riscv32-unknown-elf/7.3.0 -Lbuild/build_tmp/libs/app/wifiiot_app -Lbuild/build_tmp/libs/components/at -Lbuild/build_tmp/libs/platform/drivers -Lbuild/build_tmp/libs/platform/system -Lbuild/build_tmp/scripts -Lbuild/libs -Lbuild/libs/hi3861/release/no_mesh -Lbuild/scripts -Lohos/libs -Tbuild/build_tmp/scripts/link.lds -Map=output/bin/Hi3861_wifiiot_app.map -o output/bin/Hi3861_wifiiot_app.out --start-group --no-whole-archive --whole-archive -lHwKeystoreSDK -ladc -lat -lauthmanager -lbootstrap -lbroadcast -lc_flash -lcfg -lcjson_static -lcmsis -lcommon_lite -lcpup -ldiag -ldiscovery -ldrv -lflash -lflash_example -lgcc -lgpio -lhal_file_static -lhal_iothardware -lhal_sysparam -lhal_token_static -lhichainsdk -lhilog_lite -lhiview_lite -lhx711 -li2c -lio -liothardware -liperf -lkal -llitekernel_flash -lltoswpa -llwip -lm_flash -lmbedtls -lnative_file -lparttab -lpwm -lres_cfg -lsamgr -lsamgr_adapter -lsamgr_source -lsdio -lsec_flash -lspiffs -lsysparam -lsystem -ltoken_static -ltrans_service -ltsensor -luart -lupg -lutils_kv_store -lwifi -lwifi_flash -lwifiiot_app -lwifiservice -lwpa --end-group
riscv32-unknown-elf-ld: ohos/libs/libhx711.a(hx711.o): in function `.L8':
hx711.c:(.text.HX711_Read+0x20): undefined reference to `hi_gpio_set_output_val'
riscv32-unknown-elf-ld: hx711.c:(.text.HX711_Read+0x32): undefined reference to `hi_gpio_set_output_val'
riscv32-unknown-elf-ld: hx711.c:(.text.HX711_Read+0x44): undefined reference to `hi_gpio_set_output_val'
riscv32-unknown-elf-ld: hx711.c:(.text.HX711_Read+0x52): undefined reference to `hi_gpio_set_output_val'
riscv32-unknown-elf-ld: ohos/libs/libhx711.a(hx711.o): in function `.L10':
hx711.c:(.text.HX711_Read+0x6e): undefined reference to `hi_gpio_set_output_val'
riscv32-unknown-elf-ld: ohos/libs/libhx711.a(hx711.o):hx711.c:(.text.HX711_Read+0x86): more undefined references to `hi_gpio_set_output_val' follow
scons: *** [output/bin/Hi3861_wifiiot_app.out] Error 1
BUILD FAILED!!!!
Failed building output/bin/Hi3861_wifiiot_app.out: Error 1
Traceback (most recent call last):
  File "/home/asus/Documents/Code/bearpi-hm_nano/out/BearPi-HM_Nano/../../build/lite/build_ext_components.py", line 64, in <module>
    sys.exit(main())
             ^^^^^^
  File "/home/asus/Documents/Code/bearpi-hm_nano/out/BearPi-HM_Nano/../../build/lite/build_ext_components.py", line 58, in main
    cmd_exec(args.command)
  File "/home/asus/Documents/Code/bearpi-hm_nano/out/BearPi-HM_Nano/../../build/lite/build_ext_components.py", line 32, in cmd_exec
    raise Exception("{} failed, return code is {}".format(cmd, ret_code))
Exception: ['sh', 'hm_build.sh'] failed, return code is 2
ninja: build stopped: subcommand failed.
